\BOOKMARK [1][-]{section.1}{\376\377\226\077\142\311\147\234\127\006\166\330\133\236\232\214\166\204\123\206\123\362\123\312\166\370\121\163\170\024\172\166\140\305\121\265}{}% 1
\BOOKMARK [2][-]{subsection.1.1}{\376\377\226\077\142\311\147\234\166\204\170\024\172\166}{section.1}% 2
\BOOKMARK [2][-]{subsection.1.2}{\376\377\135\364\153\324\131\107\124\214\215\153\153\107\134\024\166\204\170\024\172\166}{section.1}% 3
\BOOKMARK [2][-]{subsection.1.3}{\376\377\154\325\142\311\173\054\166\204\170\024\172\166}{section.1}% 4
\BOOKMARK [1][-]{section.2}{\376\377\226\077\142\311\147\234\127\006\166\330\145\110\136\224\166\204\165\065\170\301\133\146\123\237\164\006}{}% 5
\BOOKMARK [2][-]{subsection.2.1}{\376\377\170\301\127\072\166\204\152\041\142\337}{section.2}% 6
\BOOKMARK [2][-]{subsection.2.2}{\376\377\141\037\136\224\165\065\155\101\166\204\116\247\165\037}{section.2}% 7
\BOOKMARK [2][-]{subsection.2.3}{\376\377\122\233\167\351\166\204\116\247\165\037}{section.2}% 8
\BOOKMARK [1][-]{section.3}{\376\377\226\077\142\311\147\234\127\006\166\330\213\325\120\132}{}% 9
\BOOKMARK [2][-]{subsection.3.1}{\376\377\173\054\116\000\153\041\133\236\232\214}{section.3}% 10
\BOOKMARK [2][-]{subsection.3.2}{\376\377\173\054\116\214\153\041\133\236\232\214}{section.3}% 11
\BOOKMARK [1][-]{section.4}{\376\377\123\125\147\201\165\065\122\250\147\072\200\375\124\046\165\050\147\145\122\066\117\134\226\077\142\311\147\234\127\006\166\330\377\037}{}% 12
\BOOKMARK [2][-]{subsection.4.1}{\376\377\123\125\147\201\165\065\122\250\147\072\173\200\116\313}{section.4}% 13
\BOOKMARK [2][-]{subsection.4.2}{\376\377\123\125\147\201\165\065\122\250\147\072\166\204\165\065\170\301\133\146\060\001\122\250\122\233\133\146\136\372\152\041}{section.4}% 14
\BOOKMARK [2][-]{subsection.4.3}{\376\377\133\236\226\105\133\236\232\214}{section.4}% 15
\BOOKMARK [2][-]{subsection.4.4}{\376\377\176\323\213\272}{section.4}% 16
\BOOKMARK [1][-]{section.5}{\376\377\134\125\147\033}{}% 17
\BOOKMARK [2][-]{subsection.5.1}{\376\377\122\051\165\050\166\370\133\371\217\320\122\250\117\177\226\077\142\311\147\234\127\006\166\330\145\110\147\234\146\076\204\127\123\026}{section.5}% 18
\BOOKMARK [2][-]{subsection.5.2}{\376\377\122\051\165\050\226\077\142\311\147\234\127\006\166\330\122\066\117\134\165\065\170\301\141\037\136\224\157\024\171\072\116\352}{section.5}% 19
\BOOKMARK [2][-]{subsection.5.3}{\376\377\122\051\165\050\116\015\124\014\166\204\224\334\116\035\177\121\152\041\127\213\232\214\213\301\136\372\152\041}{section.5}% 20
\BOOKMARK [1][-]{section.6}{\376\377\176\323\213\355}{}% 21
\BOOKMARK [1][-]{section.7}{\376\377\201\364\214\042}{}% 22
